     1 00000000                                 [FORMAT "WCOFF"]
     2 00000000                                 [INSTRSET "i486p"]
     3 00000000                                 [OPTIMIZE 1]
     4 00000000                                 [OPTION 1]
     5 00000000                                 [BITS 32]
     6 00000000                                 	EXTERN	__alloca
     7 00000000                                 	EXTERN	_api_getlang
     8 00000000                                 	EXTERN	_api_cmdline
     9 00000000                                 	EXTERN	_api_putstr0
    10 00000000                                 	EXTERN	_api_end
    11 00000000                                 	EXTERN	_strtol
    12 00000000                                 	EXTERN	_api_openwin
    13 00000000                                 	EXTERN	_api_boxfilwin
    14 00000000                                 	EXTERN	_api_fopen
    15 00000000                                 	EXTERN	_api_fsize
    16 00000000                                 	EXTERN	_api_fread
    17 00000000                                 	EXTERN	_api_fclose
    18 00000000                                 	EXTERN	_api_getkey
    19 00000000                                 	EXTERN	_api_refreshwin
    20 00000000                                 	EXTERN	_api_putstrwin
    21 00000000                                 [FILE "tview.c"]
    22                                          [SECTION .data]
    23 00000000                                 LC0:
    24 00000000 20 3E 74 76 69 65 77 20 66 69   	DB	" >tview file [-w30 -h10 -t4]",0x0A,0x00
       0000000A 6C 65 20 5B 2D 77 33 30 20 2D 
       00000014 68 31 30 20 2D 74 34 5D 0A 00 
    25 0000001E                                 LC1:
    26 0000001E 74 76 69 65 77 00               	DB	"tview",0x00
    27 00000024                                 LC2:
    28 00000024 66 69 6C 65 20 6F 70 65 6E 20   	DB	"file open error.",0x0A,0x00
       0000002E 65 72 72 6F 72 2E 0A 00 
    29                                          [SECTION .text]
    30 00000000                                 	GLOBAL	_HariMain
    31 00000000                                 _HariMain:
    32 00000000 55                              	PUSH	EBP
    33 00000001 B8 000F9448                     	MOV	EAX,1021000
    34 00000006 89 E5                           	MOV	EBP,ESP
    35 00000008 57                              	PUSH	EDI
    36 00000009 56                              	PUSH	ESI
    37 0000000A 31 FF                           	XOR	EDI,EDI
    38 0000000C 53                              	PUSH	EBX
    39 0000000D 8D 9D FFF06BD4                  	LEA	EBX,DWORD [-1020972+EBP]
    40 00000013 E8 [00000000]                   	CALL	__alloca
    41 00000018 C7 85 FFF06BCC 0000001E         	MOV	DWORD [-1020980+EBP],30
    42 00000022 C7 85 FFF06BC8 0000000A         	MOV	DWORD [-1020984+EBP],10
    43 0000002C C7 85 FFF06BC4 00000004         	MOV	DWORD [-1020988+EBP],4
    44 00000036 C7 85 FFF06BC0 00000001         	MOV	DWORD [-1020992+EBP],1
    45 00000040 C7 85 FFF06BBC 00000001         	MOV	DWORD [-1020996+EBP],1
    46 0000004A E8 [00000000]                   	CALL	_api_getlang
    47 0000004F 6A 1E                           	PUSH	30
    48 00000051 53                              	PUSH	EBX
    49 00000052 89 85 FFF06BB4                  	MOV	DWORD [-1021004+EBP],EAX
    50 00000058 C7 85 FFF06BB0 00000000         	MOV	DWORD [-1021008+EBP],0
    51 00000062 C7 85 FFF06BAC 00000000         	MOV	DWORD [-1021012+EBP],0
    52 0000006C E8 [00000000]                   	CALL	_api_cmdline
    53 00000071 89 D9                           	MOV	ECX,EBX
    54 00000073 5E                              	POP	ESI
    55 00000074 89 9D FFF06BD0                  	MOV	DWORD [-1020976+EBP],EBX
    56 0000007A 58                              	POP	EAX
    57 0000007B 80 BD FFF06BD4 20               	CMP	BYTE [-1020972+EBP],32
    58 00000082 7E 19                           	JLE	L95
    59 00000084 8D 95 FFF06BD5                  	LEA	EDX,DWORD [-1020971+EBP]
    60 0000008A                                 L6:
    61 0000008A 89 D0                           	MOV	EAX,EDX
    62 0000008C 89 95 FFF06BD0                  	MOV	DWORD [-1020976+EBP],EDX
    63 00000092 8D 51 02                        	LEA	EDX,DWORD [2+ECX]
    64 00000095 89 C1                           	MOV	ECX,EAX
    65 00000097 80 7A FF 20                     	CMP	BYTE [-1+EDX],32
    66 0000009B 7F ED                           	JG	L6
    67 0000009D                                 L95:
    68 0000009D 8B 85 FFF06BD0                  	MOV	EAX,DWORD [-1020976+EBP]
    69 000000A3 80 38 00                        	CMP	BYTE [EAX],0
    70 000000A6 0F 84 0000012D                  	JE	L97
    71 000000AC FF B5 FFF06BD0                  	PUSH	DWORD [-1020976+EBP]
    72 000000B2 E8 00000403                     	CALL	_skipspace
    73 000000B7 5B                              	POP	EBX
    74 000000B8 89 C2                           	MOV	EDX,EAX
    75 000000BA 89 85 FFF06BD0                  	MOV	DWORD [-1020976+EBP],EAX
    76 000000C0 8A 08                           	MOV	CL,BYTE [EAX]
    77 000000C2 80 F9 2D                        	CMP	CL,45
    78 000000C5 74 40                           	JE	L108
    79 000000C7 85 FF                           	TEST	EDI,EDI
    80 000000C9 74 12                           	JE	L109
    81 000000CB                                 L23:
    82 000000CB 68 [00000000]                   	PUSH	LC0
    83 000000D0 E8 [00000000]                   	CALL	_api_putstr0
    84 000000D5 E8 [00000000]                   	CALL	_api_end
    85 000000DA 5E                              	POP	ESI
    86 000000DB EB C0                           	JMP	L95
    87 000000DD                                 L109:
    88 000000DD 89 C7                           	MOV	EDI,EAX
    89 000000DF 80 F9 20                        	CMP	CL,32
    90 000000E2 7E 15                           	JLE	L99
    91 000000E4                                 L30:
    92 000000E4 8B 95 FFF06BD0                  	MOV	EDX,DWORD [-1020976+EBP]
    93 000000EA 8D 42 01                        	LEA	EAX,DWORD [1+EDX]
    94 000000ED 89 85 FFF06BD0                  	MOV	DWORD [-1020976+EBP],EAX
    95 000000F3 80 7A 01 20                     	CMP	BYTE [1+EDX],32
    96 000000F7 7F EB                           	JG	L30
    97 000000F9                                 L99:
    98 000000F9 8B 85 FFF06BD0                  	MOV	EAX,DWORD [-1020976+EBP]
    99 000000FF 89 85 FFF06BAC                  	MOV	DWORD [-1021012+EBP],EAX
   100 00000105 EB 96                           	JMP	L95
   101 00000107                                 L108:
   102 00000107 8A 40 01                        	MOV	AL,BYTE [1+EAX]
   103 0000010A 3C 77                           	CMP	AL,119
   104 0000010C 0F 84 00000081                  	JE	L110
   105 00000112 3C 68                           	CMP	AL,104
   106 00000114 74 36                           	JE	L111
   107 00000116 3C 74                           	CMP	AL,116
   108 00000118 75 B1                           	JNE	L23
   109 0000011A 6A 00                           	PUSH	0
   110 0000011C 8D 85 FFF06BD0                  	LEA	EAX,DWORD [-1020976+EBP]
   111 00000122 50                              	PUSH	EAX
   112 00000123 8D 42 02                        	LEA	EAX,DWORD [2+EDX]
   113 00000126 50                              	PUSH	EAX
   114 00000127 E8 [00000000]                   	CALL	_strtol
   115 0000012C 83 C4 0C                        	ADD	ESP,12
   116 0000012F 85 C0                           	TEST	EAX,EAX
   117 00000131 89 85 FFF06BC4                  	MOV	DWORD [-1020988+EBP],EAX
   118 00000137 0F 8F FFFFFF60                  	JG	L95
   119 0000013D C7 85 FFF06BC4 00000004         	MOV	DWORD [-1020988+EBP],4
   120 00000147 E9 FFFFFF51                     	JMP	L95
   121 0000014C                                 L111:
   122 0000014C 6A 00                           	PUSH	0
   123 0000014E 8D 85 FFF06BD0                  	LEA	EAX,DWORD [-1020976+EBP]
   124 00000154 50                              	PUSH	EAX
   125 00000155 8D 42 02                        	LEA	EAX,DWORD [2+EDX]
   126 00000158 50                              	PUSH	EAX
   127 00000159 E8 [00000000]                   	CALL	_strtol
   128 0000015E 83 C4 0C                        	ADD	ESP,12
   129 00000161 85 C0                           	TEST	EAX,EAX
   130 00000163 89 85 FFF06BC8                  	MOV	DWORD [-1020984+EBP],EAX
   131 00000169 7E 1C                           	JLE	L112
   132 0000016B                                 L17:
   133 0000016B 83 BD FFF06BC8 2D               	CMP	DWORD [-1020984+EBP],45
   134 00000172 0F 8E FFFFFF25                  	JLE	L95
   135 00000178 C7 85 FFF06BC8 0000002D         	MOV	DWORD [-1020984+EBP],45
   136 00000182 E9 FFFFFF16                     	JMP	L95
   137 00000187                                 L112:
   138 00000187 C7 85 FFF06BC8 00000001         	MOV	DWORD [-1020984+EBP],1
   139 00000191 EB D8                           	JMP	L17
   140 00000193                                 L110:
   141 00000193 6A 00                           	PUSH	0
   142 00000195 8D 85 FFF06BD0                  	LEA	EAX,DWORD [-1020976+EBP]
   143 0000019B 50                              	PUSH	EAX
   144 0000019C 8D 42 02                        	LEA	EAX,DWORD [2+EDX]
   145 0000019F 50                              	PUSH	EAX
   146 000001A0 E8 [00000000]                   	CALL	_strtol
   147 000001A5 83 C4 0C                        	ADD	ESP,12
   148 000001A8 83 F8 13                        	CMP	EAX,19
   149 000001AB 89 85 FFF06BCC                  	MOV	DWORD [-1020980+EBP],EAX
   150 000001B1 7F 0A                           	JG	L13
   151 000001B3 C7 85 FFF06BCC 00000014         	MOV	DWORD [-1020980+EBP],20
   152 000001BD                                 L13:
   153 000001BD 83 BD FFF06BCC 7E               	CMP	DWORD [-1020980+EBP],126
   154 000001C4 0F 8E FFFFFED3                  	JLE	L95
   155 000001CA C7 85 FFF06BCC 0000007E         	MOV	DWORD [-1020980+EBP],126
   156 000001D4 E9 FFFFFEC4                     	JMP	L95
   157 000001D9                                 L97:
   158 000001D9 85 FF                           	TEST	EDI,EDI
   159 000001DB 0F 84 FFFFFEEA                  	JE	L23
   160 000001E1 8B B5 FFF06BC8                  	MOV	ESI,DWORD [-1020984+EBP]
   161 000001E7 8B 9D FFF06BCC                  	MOV	EBX,DWORD [-1020980+EBP]
   162 000001ED C1 E6 04                        	SAL	ESI,4
   163 000001F0 68 [0000001E]                   	PUSH	LC1
   164 000001F5 C1 E3 03                        	SAL	EBX,3
   165 000001F8 6A FF                           	PUSH	-1
   166 000001FA 8D 46 25                        	LEA	EAX,DWORD [37+ESI]
   167 000001FD 83 C6 1E                        	ADD	ESI,30
   168 00000200 50                              	PUSH	EAX
   169 00000201 8D 43 10                        	LEA	EAX,DWORD [16+EBX]
   170 00000204 50                              	PUSH	EAX
   171 00000205 83 C3 09                        	ADD	EBX,9
   172 00000208 8D 85 FFF42BF4                  	LEA	EAX,DWORD [-775180+EBP]
   173 0000020E 50                              	PUSH	EAX
   174 0000020F E8 [00000000]                   	CALL	_api_openwin
   175 00000214 6A 07                           	PUSH	7
   176 00000216 56                              	PUSH	ESI
   177 00000217 53                              	PUSH	EBX
   178 00000218 89 85 FFF06BB8                  	MOV	DWORD [-1021000+EBP],EAX
   179 0000021E 6A 1B                           	PUSH	27
   180 00000220 6A 06                           	PUSH	6
   181 00000222 50                              	PUSH	EAX
   182 00000223 E8 [00000000]                   	CALL	_api_boxfilwin
   183 00000228 83 C4 2C                        	ADD	ESP,44
   184 0000022B 8B 8D FFF06BAC                  	MOV	ECX,DWORD [-1021012+EBP]
   185 00000231 C6 01 00                        	MOV	BYTE [ECX],0
   186 00000234 57                              	PUSH	EDI
   187 00000235 E8 [00000000]                   	CALL	_api_fopen
   188 0000023A 5B                              	POP	EBX
   189 0000023B 89 C7                           	MOV	EDI,EAX
   190 0000023D 85 C0                           	TEST	EAX,EAX
   191 0000023F 75 10                           	JNE	L33
   192 00000241 68 [00000024]                   	PUSH	LC2
   193 00000246 E8 [00000000]                   	CALL	_api_putstr0
   194 0000024B E8 [00000000]                   	CALL	_api_end
   195 00000250 59                              	POP	ECX
   196 00000251                                 L33:
   197 00000251 6A 00                           	PUSH	0
   198 00000253 57                              	PUSH	EDI
   199 00000254 E8 [00000000]                   	CALL	_api_fsize
   200 00000259 89 C6                           	MOV	ESI,EAX
   201 0000025B 58                              	POP	EAX
   202 0000025C 5A                              	POP	EDX
   203 0000025D 81 FE 0003BFFE                  	CMP	ESI,245758
   204 00000263 7E 05                           	JLE	L34
   205 00000265 BE 0003BFFE                     	MOV	ESI,245758
   206 0000026A                                 L34:
   207 0000026A 57                              	PUSH	EDI
   208 0000026B 8D 9D FFF06BF5                  	LEA	EBX,DWORD [-1020939+EBP]
   209 00000271 56                              	PUSH	ESI
   210 00000272 53                              	PUSH	EBX
   211 00000273 C6 85 FFF06BF4 0A               	MOV	BYTE [-1020940+EBP],10
   212 0000027A E8 [00000000]                   	CALL	_api_fread
   213 0000027F 57                              	PUSH	EDI
   214 00000280 89 DF                           	MOV	EDI,EBX
   215 00000282 E8 [00000000]                   	CALL	_api_fclose
   216 00000287 C6 84 35 FFF06BF5 00            	MOV	BYTE [-1020939+EBP+ESI*1],0
   217 0000028F 83 C4 10                        	ADD	ESP,16
   218 00000292 89 9D FFF06BD0                  	MOV	DWORD [-1020976+EBP],EBX
   219 00000298 80 BD FFF06BF5 00               	CMP	BYTE [-1020939+EBP],0
   220 0000029F 74 24                           	JE	L101
   221 000002A1                                 L40:
   222 000002A1 8B 85 FFF06BD0                  	MOV	EAX,DWORD [-1020976+EBP]
   223 000002A7 8A 00                           	MOV	AL,BYTE [EAX]
   224 000002A9 3C 0D                           	CMP	AL,13
   225 000002AB 74 03                           	JE	L37
   226 000002AD 88 07                           	MOV	BYTE [EDI],AL
   227 000002AF 47                              	INC	EDI
   228 000002B0                                 L37:
   229 000002B0 8B 95 FFF06BD0                  	MOV	EDX,DWORD [-1020976+EBP]
   230 000002B6 8D 42 01                        	LEA	EAX,DWORD [1+EDX]
   231 000002B9 89 85 FFF06BD0                  	MOV	DWORD [-1020976+EBP],EAX
   232 000002BF 80 7A 01 00                     	CMP	BYTE [1+EDX],0
   233 000002C3 75 DC                           	JNE	L40
   234 000002C5                                 L101:
   235 000002C5 8D 85 FFF06BF5                  	LEA	EAX,DWORD [-1020939+EBP]
   236 000002CB C6 07 00                        	MOV	BYTE [EDI],0
   237 000002CE 89 85 FFF06BD0                  	MOV	DWORD [-1020976+EBP],EAX
   238 000002D4                                 L41:
   239 000002D4 FF B5 FFF06BB4                  	PUSH	DWORD [-1021004+EBP]
   240 000002DA FF B5 FFF06BC4                  	PUSH	DWORD [-1020988+EBP]
   241 000002E0 FF B5 FFF06BD0                  	PUSH	DWORD [-1020976+EBP]
   242 000002E6 FF B5 FFF06BB0                  	PUSH	DWORD [-1021008+EBP]
   243 000002EC FF B5 FFF06BC8                  	PUSH	DWORD [-1020984+EBP]
   244 000002F2 FF B5 FFF06BCC                  	PUSH	DWORD [-1020980+EBP]
   245 000002F8 FF B5 FFF06BB8                  	PUSH	DWORD [-1021000+EBP]
   246 000002FE E8 000001CC                     	CALL	_textview
   247 00000303 6A 01                           	PUSH	1
   248 00000305 E8 [00000000]                   	CALL	_api_getkey
   249 0000030A 83 C4 20                        	ADD	ESP,32
   250 0000030D 89 C7                           	MOV	EDI,EAX
   251 0000030F 83 F8 51                        	CMP	EAX,81
   252 00000312 0F 84 00000198                  	JE	L45
   253 00000318 83 F8 71                        	CMP	EAX,113
   254 0000031B 0F 84 0000018F                  	JE	L45
   255 00000321                                 L44:
   256 00000321 8D 4F BF                        	LEA	ECX,DWORD [-65+EDI]
   257 00000324 83 F9 05                        	CMP	ECX,5
   258 00000327 77 10                           	JA	L46
   259 00000329 C7 85 FFF06BC0 00000001         	MOV	DWORD [-1020992+EBP],1
   260 00000333 D3 A5 FFF06BC0                  	SAL	DWORD [-1020992+EBP],CL
   261 00000339                                 L46:
   262 00000339 8D 4F 9F                        	LEA	ECX,DWORD [-97+EDI]
   263 0000033C 83 F9 05                        	CMP	ECX,5
   264 0000033F 77 10                           	JA	L47
   265 00000341 C7 85 FFF06BBC 00000001         	MOV	DWORD [-1020996+EBP],1
   266 0000034B D3 A5 FFF06BBC                  	SAL	DWORD [-1020996+EBP],CL
   267 00000351                                 L47:
   268 00000351 83 FF 3C                        	CMP	EDI,60
   269 00000354 0F 84 0000012E                  	JE	L113
   270 0000035A                                 L48:
   271 0000035A 83 FF 3E                        	CMP	EDI,62
   272 0000035D 0F 84 0000010A                  	JE	L114
   273 00000363                                 L49:
   274 00000363 83 FF 34                        	CMP	EDI,52
   275 00000366 0F 84 000000D5                  	JE	L51
   276 0000036C                                 L50:
   277 0000036C 83 FF 36                        	CMP	EDI,54
   278 0000036F 0F 84 000000AE                  	JE	L57
   279 00000375                                 L56:
   280 00000375 83 FF 38                        	CMP	EDI,56
   281 00000378 74 52                           	JE	L62
   282 0000037A                                 L61:
   283 0000037A 83 FF 32                        	CMP	EDI,50
   284 0000037D                                 L107:
   285 0000037D 0F 85 FFFFFF51                  	JNE	L41
   286 00000383 31 F6                           	XOR	ESI,ESI
   287 00000385 3B B5 FFF06BBC                  	CMP	ESI,DWORD [-1020996+EBP]
   288 0000038B 7D 32                           	JGE	L82
   289 0000038D                                 L92:
   290 0000038D 8B BD FFF06BD0                  	MOV	EDI,DWORD [-1020976+EBP]
   291 00000393 8A 07                           	MOV	AL,BYTE [EDI]
   292 00000395 84 C0                           	TEST	AL,AL
   293 00000397 74 0F                           	JE	L86
   294 00000399 3C 0A                           	CMP	AL,10
   295 0000039B 74 0B                           	JE	L86
   296 0000039D                                 L90:
   297 0000039D 47                              	INC	EDI
   298 0000039E 8A 07                           	MOV	AL,BYTE [EDI]
   299 000003A0 84 C0                           	TEST	AL,AL
   300 000003A2 74 04                           	JE	L86
   301 000003A4 3C 0A                           	CMP	AL,10
   302 000003A6 75 F5                           	JNE	L90
   303 000003A8                                 L86:
   304 000003A8 80 3F 00                        	CMP	BYTE [EDI],0
   305 000003AB 74 12                           	JE	L82
   306 000003AD 8D 47 01                        	LEA	EAX,DWORD [1+EDI]
   307 000003B0 46                              	INC	ESI
   308 000003B1 89 85 FFF06BD0                  	MOV	DWORD [-1020976+EBP],EAX
   309 000003B7 3B B5 FFF06BBC                  	CMP	ESI,DWORD [-1020996+EBP]
   310 000003BD 7C CE                           	JL	L92
   311 000003BF                                 L82:
   312 000003BF 6A 00                           	PUSH	0
   313 000003C1 E8 [00000000]                   	CALL	_api_getkey
   314 000003C6 5A                              	POP	EDX
   315 000003C7 83 F8 32                        	CMP	EAX,50
   316 000003CA EB B1                           	JMP	L107
   317 000003CC                                 L62:
   318 000003CC 31 F6                           	XOR	ESI,ESI
   319 000003CE 3B B5 FFF06BBC                  	CMP	ESI,DWORD [-1020996+EBP]
   320 000003D4 7D 3B                           	JGE	L66
   321 000003D6                                 L75:
   322 000003D6 8D 85 FFF06BF5                  	LEA	EAX,DWORD [-1020939+EBP]
   323 000003DC 8B 95 FFF06BD0                  	MOV	EDX,DWORD [-1020976+EBP]
   324 000003E2 39 C2                           	CMP	EDX,EAX
   325 000003E4 74 2B                           	JE	L66
   326 000003E6 8D 42 FF                        	LEA	EAX,DWORD [-1+EDX]
   327 000003E9 89 85 FFF06BD0                  	MOV	DWORD [-1020976+EBP],EAX
   328 000003EF 80 78 FF 0A                     	CMP	BYTE [-1+EAX],10
   329 000003F3 74 13                           	JE	L104
   330 000003F5                                 L74:
   331 000003F5 8B 85 FFF06BD0                  	MOV	EAX,DWORD [-1020976+EBP]
   332 000003FB 48                              	DEC	EAX
   333 000003FC 89 85 FFF06BD0                  	MOV	DWORD [-1020976+EBP],EAX
   334 00000402 80 78 FF 0A                     	CMP	BYTE [-1+EAX],10
   335 00000406 75 ED                           	JNE	L74
   336 00000408                                 L104:
   337 00000408 46                              	INC	ESI
   338 00000409 3B B5 FFF06BBC                  	CMP	ESI,DWORD [-1020996+EBP]
   339 0000040F 7C C5                           	JL	L75
   340 00000411                                 L66:
   341 00000411 6A 00                           	PUSH	0
   342 00000413 E8 [00000000]                   	CALL	_api_getkey
   343 00000418 59                              	POP	ECX
   344 00000419 83 F8 38                        	CMP	EAX,56
   345 0000041C 74 AE                           	JE	L62
   346 0000041E E9 FFFFFF57                     	JMP	L61
   347 00000423                                 L57:
   348 00000423 8B 8D FFF06BC0                  	MOV	ECX,DWORD [-1020992+EBP]
   349 00000429 6A 00                           	PUSH	0
   350 0000042B 01 8D FFF06BB0                  	ADD	DWORD [-1021008+EBP],ECX
   351 00000431 E8 [00000000]                   	CALL	_api_getkey
   352 00000436 83 F8 36                        	CMP	EAX,54
   353 00000439 5B                              	POP	EBX
   354 0000043A 74 E7                           	JE	L57
   355 0000043C E9 FFFFFF34                     	JMP	L56
   356 00000441                                 L51:
   357 00000441 8B 85 FFF06BC0                  	MOV	EAX,DWORD [-1020992+EBP]
   358 00000447 29 85 FFF06BB0                  	SUB	DWORD [-1021008+EBP],EAX
   359 0000044D 78 12                           	JS	L115
   360 0000044F                                 L54:
   361 0000044F 6A 00                           	PUSH	0
   362 00000451 E8 [00000000]                   	CALL	_api_getkey
   363 00000456 5E                              	POP	ESI
   364 00000457 83 F8 34                        	CMP	EAX,52
   365 0000045A 74 E5                           	JE	L51
   366 0000045C E9 FFFFFF0B                     	JMP	L50
   367 00000461                                 L115:
   368 00000461 C7 85 FFF06BB0 00000000         	MOV	DWORD [-1021008+EBP],0
   369 0000046B EB E2                           	JMP	L54
   370 0000046D                                 L114:
   371 0000046D 81 BD FFF06BC4 000000FF         	CMP	DWORD [-1020988+EBP],255
   372 00000477 0F 8F FFFFFEE6                  	JG	L49
   373 0000047D D1 A5 FFF06BC4                  	SAL	DWORD [-1020988+EBP],1
   374 00000483 E9 FFFFFEDB                     	JMP	L49
   375 00000488                                 L113:
   376 00000488 83 BD FFF06BC4 01               	CMP	DWORD [-1020988+EBP],1
   377 0000048F 0F 8E FFFFFEC5                  	JLE	L48
   378 00000495 8B 85 FFF06BC4                  	MOV	EAX,DWORD [-1020988+EBP]
   379 0000049B BA 00000002                     	MOV	EDX,2
   380 000004A0 89 D1                           	MOV	ECX,EDX
   381 000004A2 99                              	CDQ
   382 000004A3 F7 F9                           	IDIV	ECX
   383 000004A5 89 85 FFF06BC4                  	MOV	DWORD [-1020988+EBP],EAX
   384 000004AB E9 FFFFFEAA                     	JMP	L48
   385 000004B0                                 L45:
   386 000004B0 E8 [00000000]                   	CALL	_api_end
   387 000004B5 E9 FFFFFE67                     	JMP	L44
   388 000004BA                                 	GLOBAL	_skipspace
   389 000004BA                                 _skipspace:
   390 000004BA 55                              	PUSH	EBP
   391 000004BB 89 E5                           	MOV	EBP,ESP
   392 000004BD 8B 45 08                        	MOV	EAX,DWORD [8+EBP]
   393 000004C0 80 38 20                        	CMP	BYTE [EAX],32
   394 000004C3 74 02                           	JE	L121
   395 000004C5                                 L123:
   396 000004C5 5D                              	POP	EBP
   397 000004C6 C3                              	RET
   398 000004C7                                 L121:
   399 000004C7 40                              	INC	EAX
   400 000004C8 80 38 20                        	CMP	BYTE [EAX],32
   401 000004CB 74 FA                           	JE	L121
   402 000004CD EB F6                           	JMP	L123
   403 000004CF                                 	GLOBAL	_textview
   404 000004CF                                 _textview:
   405 000004CF 55                              	PUSH	EBP
   406 000004D0 89 E5                           	MOV	EBP,ESP
   407 000004D2 57                              	PUSH	EDI
   408 000004D3 56                              	PUSH	ESI
   409 000004D4 53                              	PUSH	EBX
   410 000004D5 83 EC 18                        	SUB	ESP,24
   411 000004D8 8B 45 08                        	MOV	EAX,DWORD [8+EBP]
   412 000004DB 8B 55 0C                        	MOV	EDX,DWORD [12+EBP]
   413 000004DE 89 45 F0                        	MOV	DWORD [-16+EBP],EAX
   414 000004E1 8B 75 10                        	MOV	ESI,DWORD [16+EBP]
   415 000004E4 8B 45 14                        	MOV	EAX,DWORD [20+EBP]
   416 000004E7 89 55 EC                        	MOV	DWORD [-20+EBP],EDX
   417 000004EA 89 45 E8                        	MOV	DWORD [-24+EBP],EAX
   418 000004ED 8B 55 18                        	MOV	EDX,DWORD [24+EBP]
   419 000004F0 8B 45 1C                        	MOV	EAX,DWORD [28+EBP]
   420 000004F3 89 55 E4                        	MOV	DWORD [-28+EBP],EDX
   421 000004F6 89 45 E0                        	MOV	DWORD [-32+EBP],EAX
   422 000004F9 8B 55 20                        	MOV	EDX,DWORD [32+EBP]
   423 000004FC 89 F0                           	MOV	EAX,ESI
   424 000004FE 89 55 DC                        	MOV	DWORD [-36+EBP],EDX
   425 00000501 C1 E0 04                        	SAL	EAX,4
   426 00000504 6A 07                           	PUSH	7
   427 00000506 83 C0 1C                        	ADD	EAX,28
   428 00000509 50                              	PUSH	EAX
   429 0000050A 8B 55 EC                        	MOV	EDX,DWORD [-20+EBP]
   430 0000050D 8D 04 D5 00000007               	LEA	EAX,DWORD [7+EDX*8]
   431 00000514 50                              	PUSH	EAX
   432 00000515 6A 1D                           	PUSH	29
   433 00000517 6A 08                           	PUSH	8
   434 00000519 8B 45 F0                        	MOV	EAX,DWORD [-16+EBP]
   435 0000051C 40                              	INC	EAX
   436 0000051D 50                              	PUSH	EAX
   437 0000051E E8 [00000000]                   	CALL	_api_boxfilwin
   438 00000523 83 C4 18                        	ADD	ESP,24
   439 00000526 85 F6                           	TEST	ESI,ESI
   440 00000528 7E 2B                           	JLE	L131
   441 0000052A BF 0000001D                     	MOV	EDI,29
   442 0000052F 89 F3                           	MOV	EBX,ESI
   443 00000531                                 L129:
   444 00000531 FF 75 DC                        	PUSH	DWORD [-36+EBP]
   445 00000534 FF 75 E0                        	PUSH	DWORD [-32+EBP]
   446 00000537 FF 75 E4                        	PUSH	DWORD [-28+EBP]
   447 0000053A FF 75 E8                        	PUSH	DWORD [-24+EBP]
   448 0000053D 57                              	PUSH	EDI
   449 0000053E 83 C7 10                        	ADD	EDI,16
   450 00000541 FF 75 EC                        	PUSH	DWORD [-20+EBP]
   451 00000544 FF 75 F0                        	PUSH	DWORD [-16+EBP]
   452 00000547 E8 0000003F                     	CALL	_lineview
   453 0000054C 83 C4 1C                        	ADD	ESP,28
   454 0000054F 4B                              	DEC	EBX
   455 00000550 89 45 E4                        	MOV	DWORD [-28+EBP],EAX
   456 00000553 75 DC                           	JNE	L129
   457 00000555                                 L131:
   458 00000555 C1 E6 04                        	SAL	ESI,4
   459 00000558 8B 55 EC                        	MOV	EDX,DWORD [-20+EBP]
   460 0000055B C7 45 10 0000001D               	MOV	DWORD [16+EBP],29
   461 00000562 8D 46 1D                        	LEA	EAX,DWORD [29+ESI]
   462 00000565 89 45 18                        	MOV	DWORD [24+EBP],EAX
   463 00000568 8D 04 D5 00000008               	LEA	EAX,DWORD [8+EDX*8]
   464 0000056F 89 45 14                        	MOV	DWORD [20+EBP],EAX
   465 00000572 8B 45 F0                        	MOV	EAX,DWORD [-16+EBP]
   466 00000575 C7 45 0C 00000008               	MOV	DWORD [12+EBP],8
   467 0000057C 89 45 08                        	MOV	DWORD [8+EBP],EAX
   468 0000057F 8D 65 F4                        	LEA	ESP,DWORD [-12+EBP]
   469 00000582 5B                              	POP	EBX
   470 00000583 5E                              	POP	ESI
   471 00000584 5F                              	POP	EDI
   472 00000585 5D                              	POP	EBP
   473 00000586 E9 [00000000]                   	JMP	_api_refreshwin
   474 0000058B                                 	GLOBAL	_lineview
   475 0000058B                                 _lineview:
   476 0000058B 55                              	PUSH	EBP
   477 0000058C 89 E5                           	MOV	EBP,ESP
   478 0000058E 57                              	PUSH	EDI
   479 0000058F 56                              	PUSH	ESI
   480 00000590 53                              	PUSH	EBX
   481 00000591 81 EC 00000090                  	SUB	ESP,144
   482 00000597 8B 7D 14                        	MOV	EDI,DWORD [20+EBP]
   483 0000059A 8B 75 0C                        	MOV	ESI,DWORD [12+EBP]
   484 0000059D 89 FA                           	MOV	EDX,EDI
   485 0000059F 8B 5D 18                        	MOV	EBX,DWORD [24+EBP]
   486 000005A2 F7 DA                           	NEG	EDX
   487 000005A4                                 L133:
   488 000005A4 8A 03                           	MOV	AL,BYTE [EBX]
   489 000005A6 84 C0                           	TEST	AL,AL
   490 000005A8 0F 84 00000166                  	JE	L134
   491 000005AE 3C 0A                           	CMP	AL,10
   492 000005B0 0F 84 0000015D                  	JE	L163
   493 000005B6 83 7D 20 00                     	CMP	DWORD [32+EBP],0
   494 000005BA 75 19                           	JNE	L138
   495 000005BC 3C 09                           	CMP	AL,9
   496 000005BE 0F 84 00000133                  	JE	L164
   497 000005C4 85 D2                           	TEST	EDX,EDX
   498 000005C6 78 0B                           	JS	L141
   499 000005C8 39 F2                           	CMP	EDX,ESI
   500 000005CA 7D 07                           	JGE	L141
   501 000005CC 88 84 15 FFFFFF64               	MOV	BYTE [-156+EBP+EDX*1],AL
   502 000005D3                                 L141:
   503 000005D3 42                              	INC	EDX
   504 000005D4                                 L140:
   505 000005D4 43                              	INC	EBX
   506 000005D5                                 L138:
   507 000005D5 83 7D 20 01                     	CMP	DWORD [32+EBP],1
   508 000005D9 0F 84 0000008A                  	JE	L165
   509 000005DF                                 L142:
   510 000005DF 83 7D 20 02                     	CMP	DWORD [32+EBP],2
   511 000005E3 75 BF                           	JNE	L133
   512 000005E5 8A 0B                           	MOV	CL,BYTE [EBX]
   513 000005E7 80 F9 09                        	CMP	CL,9
   514 000005EA 74 60                           	JE	L166
   515 000005EC 8D 41 5F                        	LEA	EAX,DWORD [95+ECX]
   516 000005EF 3C 5D                           	CMP	AL,93
   517 000005F1 76 13                           	JBE	L167
   518 000005F3 85 D2                           	TEST	EDX,EDX
   519 000005F5 78 0B                           	JS	L160
   520 000005F7 39 F2                           	CMP	EDX,ESI
   521 000005F9 7D 07                           	JGE	L160
   522 000005FB 88 8C 15 FFFFFF64               	MOV	BYTE [-156+EBP+EDX*1],CL
   523 00000602                                 L160:
   524 00000602 42                              	INC	EDX
   525 00000603 43                              	INC	EBX
   526 00000604 EB 9E                           	JMP	L133
   527 00000606                                 L167:
   528 00000606 83 FA FF                        	CMP	EDX,-1
   529 00000609 74 38                           	JE	L168
   530 0000060B                                 L156:
   531 0000060B 85 D2                           	TEST	EDX,EDX
   532 0000060D 78 18                           	JS	L157
   533 0000060F 8D 46 FF                        	LEA	EAX,DWORD [-1+ESI]
   534 00000612 39 C2                           	CMP	EDX,EAX
   535 00000614 7D 11                           	JGE	L157
   536 00000616 88 8C 15 FFFFFF64               	MOV	BYTE [-156+EBP+EDX*1],CL
   537 0000061D 8A 43 01                        	MOV	AL,BYTE [1+EBX]
   538 00000620 88 84 15 FFFFFF65               	MOV	BYTE [-155+EBP+EDX*1],AL
   539 00000627                                 L157:
   540 00000627 8D 46 FF                        	LEA	EAX,DWORD [-1+ESI]
   541 0000062A 39 C2                           	CMP	EDX,EAX
   542 0000062C 74 0B                           	JE	L169
   543 0000062E                                 L158:
   544 0000062E 83 C2 02                        	ADD	EDX,2
   545 00000631 83 C3 02                        	ADD	EBX,2
   546 00000634 E9 FFFFFF6B                     	JMP	L133
   547 00000639                                 L169:
   548 00000639 C6 84 15 FFFFFF64 20            	MOV	BYTE [-156+EBP+EDX*1],32
   549 00000641 EB EB                           	JMP	L158
   550 00000643                                 L168:
   551 00000643 C6 85 FFFFFF64 20               	MOV	BYTE [-156+EBP],32
   552 0000064A EB BF                           	JMP	L156
   553 0000064C                                 L166:
   554 0000064C FF 75 1C                        	PUSH	DWORD [28+EBP]
   555 0000064F 8D 85 FFFFFF64                  	LEA	EAX,DWORD [-156+EBP]
   556 00000655 43                              	INC	EBX
   557 00000656 50                              	PUSH	EAX
   558 00000657 57                              	PUSH	EDI
   559 00000658 56                              	PUSH	ESI
   560 00000659 52                              	PUSH	EDX
   561 0000065A E8 000000ED                     	CALL	_puttab
   562 0000065F 83 C4 14                        	ADD	ESP,20
   563 00000662 89 C2                           	MOV	EDX,EAX
   564 00000664 E9 FFFFFF3B                     	JMP	L133
   565 00000669                                 L165:
   566 00000669 8A 0B                           	MOV	CL,BYTE [EBX]
   567 0000066B 80 F9 09                        	CMP	CL,9
   568 0000066E 74 6A                           	JE	L170
   569 00000670 8D 41 7F                        	LEA	EAX,DWORD [127+ECX]
   570 00000673 3C 1E                           	CMP	AL,30
   571 00000675 76 07                           	JBE	L146
   572 00000677 8D 41 20                        	LEA	EAX,DWORD [32+ECX]
   573 0000067A 3C 1C                           	CMP	AL,28
   574 0000067C 77 46                           	JA	L145
   575 0000067E                                 L146:
   576 0000067E 83 FA FF                        	CMP	EDX,-1
   577 00000681 74 38                           	JE	L171
   578 00000683                                 L147:
   579 00000683 85 D2                           	TEST	EDX,EDX
   580 00000685 78 18                           	JS	L148
   581 00000687 8D 46 FF                        	LEA	EAX,DWORD [-1+ESI]
   582 0000068A 39 C2                           	CMP	EDX,EAX
   583 0000068C 7D 11                           	JGE	L148
   584 0000068E 88 8C 15 FFFFFF64               	MOV	BYTE [-156+EBP+EDX*1],CL
   585 00000695 8A 43 01                        	MOV	AL,BYTE [1+EBX]
   586 00000698 88 84 15 FFFFFF65               	MOV	BYTE [-155+EBP+EDX*1],AL
   587 0000069F                                 L148:
   588 0000069F 8D 46 FF                        	LEA	EAX,DWORD [-1+ESI]
   589 000006A2 39 C2                           	CMP	EDX,EAX
   590 000006A4 74 0B                           	JE	L172
   591 000006A6                                 L149:
   592 000006A6 83 C2 02                        	ADD	EDX,2
   593 000006A9 83 C3 02                        	ADD	EBX,2
   594 000006AC E9 FFFFFF2E                     	JMP	L142
   595 000006B1                                 L172:
   596 000006B1 C6 84 15 FFFFFF64 20            	MOV	BYTE [-156+EBP+EDX*1],32
   597 000006B9 EB EB                           	JMP	L149
   598 000006BB                                 L171:
   599 000006BB C6 85 FFFFFF64 20               	MOV	BYTE [-156+EBP],32
   600 000006C2 EB BF                           	JMP	L147
   601 000006C4                                 L145:
   602 000006C4 85 D2                           	TEST	EDX,EDX
   603 000006C6 78 0B                           	JS	L151
   604 000006C8 39 F2                           	CMP	EDX,ESI
   605 000006CA 7D 07                           	JGE	L151
   606 000006CC 88 8C 15 FFFFFF64               	MOV	BYTE [-156+EBP+EDX*1],CL
   607 000006D3                                 L151:
   608 000006D3 42                              	INC	EDX
   609 000006D4 43                              	INC	EBX
   610 000006D5 E9 FFFFFF05                     	JMP	L142
   611 000006DA                                 L170:
   612 000006DA FF 75 1C                        	PUSH	DWORD [28+EBP]
   613 000006DD 8D 85 FFFFFF64                  	LEA	EAX,DWORD [-156+EBP]
   614 000006E3 43                              	INC	EBX
   615 000006E4 50                              	PUSH	EAX
   616 000006E5 57                              	PUSH	EDI
   617 000006E6 56                              	PUSH	ESI
   618 000006E7 52                              	PUSH	EDX
   619 000006E8 E8 0000005F                     	CALL	_puttab
   620 000006ED 83 C4 14                        	ADD	ESP,20
   621 000006F0 89 C2                           	MOV	EDX,EAX
   622 000006F2 E9 FFFFFEE8                     	JMP	L142
   623 000006F7                                 L164:
   624 000006F7 FF 75 1C                        	PUSH	DWORD [28+EBP]
   625 000006FA 8D 85 FFFFFF64                  	LEA	EAX,DWORD [-156+EBP]
   626 00000700 50                              	PUSH	EAX
   627 00000701 57                              	PUSH	EDI
   628 00000702 56                              	PUSH	ESI
   629 00000703 52                              	PUSH	EDX
   630 00000704 E8 00000043                     	CALL	_puttab
   631 00000709 83 C4 14                        	ADD	ESP,20
   632 0000070C 89 C2                           	MOV	EDX,EAX
   633 0000070E E9 FFFFFEC1                     	JMP	L140
   634 00000713                                 L163:
   635 00000713 43                              	INC	EBX
   636 00000714                                 L134:
   637 00000714 39 F2                           	CMP	EDX,ESI
   638 00000716 7E 02                           	JLE	L161
   639 00000718 89 F2                           	MOV	EDX,ESI
   640 0000071A                                 L161:
   641 0000071A 85 D2                           	TEST	EDX,EDX
   642 0000071C 7E 24                           	JLE	L162
   643 0000071E 8D 85 FFFFFF64                  	LEA	EAX,DWORD [-156+EBP]
   644 00000724 50                              	PUSH	EAX
   645 00000725 8B 45 08                        	MOV	EAX,DWORD [8+EBP]
   646 00000728 52                              	PUSH	EDX
   647 00000729 40                              	INC	EAX
   648 0000072A 6A 00                           	PUSH	0
   649 0000072C FF 75 10                        	PUSH	DWORD [16+EBP]
   650 0000072F 6A 08                           	PUSH	8
   651 00000731 50                              	PUSH	EAX
   652 00000732 C6 84 15 FFFFFF64 00            	MOV	BYTE [-156+EBP+EDX*1],0
   653 0000073A E8 [00000000]                   	CALL	_api_putstrwin
   654 0000073F 83 C4 18                        	ADD	ESP,24
   655 00000742                                 L162:
   656 00000742 8D 65 F4                        	LEA	ESP,DWORD [-12+EBP]
   657 00000745 89 D8                           	MOV	EAX,EBX
   658 00000747 5B                              	POP	EBX
   659 00000748 5E                              	POP	ESI
   660 00000749 5F                              	POP	EDI
   661 0000074A 5D                              	POP	EBP
   662 0000074B C3                              	RET
   663 0000074C                                 	GLOBAL	_puttab
   664 0000074C                                 _puttab:
   665 0000074C 55                              	PUSH	EBP
   666 0000074D 89 E5                           	MOV	EBP,ESP
   667 0000074F 57                              	PUSH	EDI
   668 00000750 56                              	PUSH	ESI
   669 00000751 53                              	PUSH	EBX
   670 00000752 8B 4D 08                        	MOV	ECX,DWORD [8+EBP]
   671 00000755 8B 7D 10                        	MOV	EDI,DWORD [16+EBP]
   672 00000758 8B 75 14                        	MOV	ESI,DWORD [20+EBP]
   673 0000075B 8B 5D 18                        	MOV	EBX,DWORD [24+EBP]
   674 0000075E                                 L174:
   675 0000075E 85 C9                           	TEST	ECX,ECX
   676 00000760 78 09                           	JS	L177
   677 00000762 3B 4D 0C                        	CMP	ECX,DWORD [12+EBP]
   678 00000765 7D 04                           	JGE	L177
   679 00000767 C6 04 31 20                     	MOV	BYTE [ECX+ESI*1],32
   680 0000076B                                 L177:
   681 0000076B 41                              	INC	ECX
   682 0000076C 8D 04 0F                        	LEA	EAX,DWORD [EDI+ECX*1]
   683 0000076F 99                              	CDQ
   684 00000770 F7 FB                           	IDIV	EBX
   685 00000772 85 D2                           	TEST	EDX,EDX
   686 00000774 75 E8                           	JNE	L174
   687 00000776 5B                              	POP	EBX
   688 00000777 89 C8                           	MOV	EAX,ECX
   689 00000779 5E                              	POP	ESI
   690 0000077A 5F                              	POP	EDI
   691 0000077B 5D                              	POP	EBP
   692 0000077C C3                              	RET
