     1 00000000                                 [FORMAT "WCOFF"]
     2 00000000                                 [INSTRSET "i486p"]
     3 00000000                                 [OPTIMIZE 1]
     4 00000000                                 [OPTION 1]
     5 00000000                                 [BITS 32]
     6 00000000                                 	EXTERN	_table_rgb.0
     7 00000000                                 	EXTERN	_io_load_eflags
     8 00000000                                 	EXTERN	_io_cli
     9 00000000                                 	EXTERN	_io_out8
    10 00000000                                 	EXTERN	_io_store_eflags
    11 00000000                                 	EXTERN	_task_now
    12 00000000                                 	EXTERN	_hankaku
    13 00000000                                 [FILE "graphic.c"]
    14                                          [SECTION .data]
    15 00000000                                 _table_rgb.0:
    16 00000000 00                              	DB	0
    17 00000001 00                              	DB	0
    18 00000002 00                              	DB	0
    19 00000003 FF                              	DB	-1
    20 00000004 00                              	DB	0
    21 00000005 00                              	DB	0
    22 00000006 00                              	DB	0
    23 00000007 FF                              	DB	-1
    24 00000008 00                              	DB	0
    25 00000009 FF                              	DB	-1
    26 0000000A FF                              	DB	-1
    27 0000000B 00                              	DB	0
    28 0000000C 00                              	DB	0
    29 0000000D 00                              	DB	0
    30 0000000E FF                              	DB	-1
    31 0000000F FF                              	DB	-1
    32 00000010 00                              	DB	0
    33 00000011 FF                              	DB	-1
    34 00000012 00                              	DB	0
    35 00000013 FF                              	DB	-1
    36 00000014 FF                              	DB	-1
    37 00000015 FF                              	DB	-1
    38 00000016 FF                              	DB	-1
    39 00000017 FF                              	DB	-1
    40 00000018 C6                              	DB	-58
    41 00000019 C6                              	DB	-58
    42 0000001A C6                              	DB	-58
    43 0000001B 84                              	DB	-124
    44 0000001C 00                              	DB	0
    45 0000001D 00                              	DB	0
    46 0000001E 00                              	DB	0
    47 0000001F 84                              	DB	-124
    48 00000020 00                              	DB	0
    49 00000021 84                              	DB	-124
    50 00000022 84                              	DB	-124
    51 00000023 00                              	DB	0
    52 00000024 00                              	DB	0
    53 00000025 00                              	DB	0
    54 00000026 84                              	DB	-124
    55 00000027 84                              	DB	-124
    56 00000028 00                              	DB	0
    57 00000029 84                              	DB	-124
    58 0000002A 00                              	DB	0
    59 0000002B 84                              	DB	-124
    60 0000002C 84                              	DB	-124
    61 0000002D 84                              	DB	-124
    62 0000002E 84                              	DB	-124
    63 0000002F 84                              	DB	-124
    64                                          [SECTION .text]
    65 00000000                                 	GLOBAL	_init_palette
    66 00000000                                 _init_palette:
    67 00000000 55                              	PUSH	EBP
    68 00000001 89 E5                           	MOV	EBP,ESP
    69 00000003 57                              	PUSH	EDI
    70 00000004 56                              	PUSH	ESI
    71 00000005 53                              	PUSH	EBX
    72 00000006 81 EC 000002A4                  	SUB	ESP,676
    73 0000000C 68 [00000000]                   	PUSH	_table_rgb.0
    74 00000011 6A 0F                           	PUSH	15
    75 00000013 6A 00                           	PUSH	0
    76 00000015 E8 000000B4                     	CALL	_set_palette
    77 0000001A 83 C4 0C                        	ADD	ESP,12
    78 0000001D C7 85 FFFFFD60 00000000         	MOV	DWORD [-672+EBP],0
    79 00000027 C7 85 FFFFFD5C 00000000         	MOV	DWORD [-676+EBP],0
    80 00000031 C7 85 FFFFFD58 00000000         	MOV	DWORD [-680+EBP],0
    81 0000003B                                 L16:
    82 0000003B 31 FF                           	XOR	EDI,EDI
    83 0000003D 31 F6                           	XOR	ESI,ESI
    84 0000003F 31 DB                           	XOR	EBX,EBX
    85 00000041                                 L15:
    86 00000041 31 D2                           	XOR	EDX,EDX
    87 00000043 C7 85 FFFFFD50 00000000         	MOV	DWORD [-688+EBP],0
    88 0000004D                                 L14:
    89 0000004D 8B 85 FFFFFD58                  	MOV	EAX,DWORD [-680+EBP]
    90 00000053 8A 8D FFFFFD50                  	MOV	CL,BYTE [-688+EBP]
    91 00000059 01 D8                           	ADD	EAX,EBX
    92 0000005B 01 D0                           	ADD	EAX,EDX
    93 0000005D 42                              	INC	EDX
    94 0000005E 6B C0 03                        	IMUL	EAX,EAX,3
    95 00000061 88 8C 05 FFFFFD64               	MOV	BYTE [-668+EBP+EAX*1],CL
    96 00000068 89 F1                           	MOV	ECX,ESI
    97 0000006A 88 8C 05 FFFFFD65               	MOV	BYTE [-667+EBP+EAX*1],CL
    98 00000071 8A 8D FFFFFD5C                  	MOV	CL,BYTE [-676+EBP]
    99 00000077 88 8C 05 FFFFFD66               	MOV	BYTE [-666+EBP+EAX*1],CL
   100 0000007E 83 85 FFFFFD50 33               	ADD	DWORD [-688+EBP],51
   101 00000085 83 FA 05                        	CMP	EDX,5
   102 00000088 7E C3                           	JLE	L14
   103 0000008A 47                              	INC	EDI
   104 0000008B 83 C6 33                        	ADD	ESI,51
   105 0000008E 83 C3 06                        	ADD	EBX,6
   106 00000091 83 FF 05                        	CMP	EDI,5
   107 00000094 7E AB                           	JLE	L15
   108 00000096 FF 85 FFFFFD60                  	INC	DWORD [-672+EBP]
   109 0000009C 83 85 FFFFFD5C 33               	ADD	DWORD [-676+EBP],51
   110 000000A3 83 85 FFFFFD58 24               	ADD	DWORD [-680+EBP],36
   111 000000AA 83 BD FFFFFD60 05               	CMP	DWORD [-672+EBP],5
   112 000000B1 7E 88                           	JLE	L16
   113 000000B3 8D 85 FFFFFD64                  	LEA	EAX,DWORD [-668+EBP]
   114 000000B9 50                              	PUSH	EAX
   115 000000BA 68 000000E7                     	PUSH	231
   116 000000BF 6A 10                           	PUSH	16
   117 000000C1 E8 00000008                     	CALL	_set_palette
   118 000000C6 8D 65 F4                        	LEA	ESP,DWORD [-12+EBP]
   119 000000C9 5B                              	POP	EBX
   120 000000CA 5E                              	POP	ESI
   121 000000CB 5F                              	POP	EDI
   122 000000CC 5D                              	POP	EBP
   123 000000CD C3                              	RET
   124 000000CE                                 	GLOBAL	_set_palette
   125 000000CE                                 _set_palette:
   126 000000CE 55                              	PUSH	EBP
   127 000000CF 89 E5                           	MOV	EBP,ESP
   128 000000D1 57                              	PUSH	EDI
   129 000000D2 56                              	PUSH	ESI
   130 000000D3 53                              	PUSH	EBX
   131 000000D4 51                              	PUSH	ECX
   132 000000D5 8B 5D 08                        	MOV	EBX,DWORD [8+EBP]
   133 000000D8 8B 7D 0C                        	MOV	EDI,DWORD [12+EBP]
   134 000000DB 8B 75 10                        	MOV	ESI,DWORD [16+EBP]
   135 000000DE E8 [00000000]                   	CALL	_io_load_eflags
   136 000000E3 89 45 F0                        	MOV	DWORD [-16+EBP],EAX
   137 000000E6 E8 [00000000]                   	CALL	_io_cli
   138 000000EB 53                              	PUSH	EBX
   139 000000EC 68 000003C8                     	PUSH	968
   140 000000F1 E8 [00000000]                   	CALL	_io_out8
   141 000000F6 39 FB                           	CMP	EBX,EDI
   142 000000F8 58                              	POP	EAX
   143 000000F9 5A                              	POP	EDX
   144 000000FA 7E 12                           	JLE	L28
   145 000000FC                                 L30:
   146 000000FC 8B 45 F0                        	MOV	EAX,DWORD [-16+EBP]
   147 000000FF 89 45 08                        	MOV	DWORD [8+EBP],EAX
   148 00000102 8D 65 F4                        	LEA	ESP,DWORD [-12+EBP]
   149 00000105 5B                              	POP	EBX
   150 00000106 5E                              	POP	ESI
   151 00000107 5F                              	POP	EDI
   152 00000108 5D                              	POP	EBP
   153 00000109 E9 [00000000]                   	JMP	_io_store_eflags
   154 0000010E                                 L28:
   155 0000010E 8A 06                           	MOV	AL,BYTE [ESI]
   156 00000110 43                              	INC	EBX
   157 00000111 C0 E8 02                        	SHR	AL,2
   158 00000114 0F B6 C0                        	MOVZX	EAX,AL
   159 00000117 50                              	PUSH	EAX
   160 00000118 68 000003C9                     	PUSH	969
   161 0000011D E8 [00000000]                   	CALL	_io_out8
   162 00000122 8A 46 01                        	MOV	AL,BYTE [1+ESI]
   163 00000125 C0 E8 02                        	SHR	AL,2
   164 00000128 0F B6 C0                        	MOVZX	EAX,AL
   165 0000012B 50                              	PUSH	EAX
   166 0000012C 68 000003C9                     	PUSH	969
   167 00000131 E8 [00000000]                   	CALL	_io_out8
   168 00000136 8A 46 02                        	MOV	AL,BYTE [2+ESI]
   169 00000139 C0 E8 02                        	SHR	AL,2
   170 0000013C 83 C6 03                        	ADD	ESI,3
   171 0000013F 0F B6 C0                        	MOVZX	EAX,AL
   172 00000142 50                              	PUSH	EAX
   173 00000143 68 000003C9                     	PUSH	969
   174 00000148 E8 [00000000]                   	CALL	_io_out8
   175 0000014D 83 C4 18                        	ADD	ESP,24
   176 00000150 39 FB                           	CMP	EBX,EDI
   177 00000152 7E BA                           	JLE	L28
   178 00000154 EB A6                           	JMP	L30
   179 00000156                                 	GLOBAL	_boxfill8
   180 00000156                                 _boxfill8:
   181 00000156 55                              	PUSH	EBP
   182 00000157 89 E5                           	MOV	EBP,ESP
   183 00000159 57                              	PUSH	EDI
   184 0000015A 56                              	PUSH	ESI
   185 0000015B 53                              	PUSH	EBX
   186 0000015C 57                              	PUSH	EDI
   187 0000015D 57                              	PUSH	EDI
   188 0000015E 8A 45 10                        	MOV	AL,BYTE [16+EBP]
   189 00000161 8B 4D 18                        	MOV	ECX,DWORD [24+EBP]
   190 00000164 8B 7D 1C                        	MOV	EDI,DWORD [28+EBP]
   191 00000167 88 45 F3                        	MOV	BYTE [-13+EBP],AL
   192 0000016A 3B 4D 20                        	CMP	ECX,DWORD [32+EBP]
   193 0000016D 7F 31                           	JG	L43
   194 0000016F 8B 5D 0C                        	MOV	EBX,DWORD [12+EBP]
   195 00000172 0F AF D9                        	IMUL	EBX,ECX
   196 00000175                                 L41:
   197 00000175 8B 55 14                        	MOV	EDX,DWORD [20+EBP]
   198 00000178 39 FA                           	CMP	EDX,EDI
   199 0000017A 7F 1B                           	JG	L45
   200 0000017C 8B 75 08                        	MOV	ESI,DWORD [8+EBP]
   201 0000017F 01 DE                           	ADD	ESI,EBX
   202 00000181 01 D6                           	ADD	ESI,EDX
   203 00000183 89 75 EC                        	MOV	DWORD [-20+EBP],ESI
   204 00000186                                 L40:
   205 00000186 8B 75 EC                        	MOV	ESI,DWORD [-20+EBP]
   206 00000189 8A 45 F3                        	MOV	AL,BYTE [-13+EBP]
   207 0000018C 42                              	INC	EDX
   208 0000018D 88 06                           	MOV	BYTE [ESI],AL
   209 0000018F 46                              	INC	ESI
   210 00000190 89 75 EC                        	MOV	DWORD [-20+EBP],ESI
   211 00000193 39 FA                           	CMP	EDX,EDI
   212 00000195 7E EF                           	JLE	L40
   213 00000197                                 L45:
   214 00000197 41                              	INC	ECX
   215 00000198 03 5D 0C                        	ADD	EBX,DWORD [12+EBP]
   216 0000019B 3B 4D 20                        	CMP	ECX,DWORD [32+EBP]
   217 0000019E 7E D5                           	JLE	L41
   218 000001A0                                 L43:
   219 000001A0 5B                              	POP	EBX
   220 000001A1 5E                              	POP	ESI
   221 000001A2 5B                              	POP	EBX
   222 000001A3 5E                              	POP	ESI
   223 000001A4 5F                              	POP	EDI
   224 000001A5 5D                              	POP	EBP
   225 000001A6 C3                              	RET
   226 000001A7                                 	GLOBAL	_init_screen8
   227 000001A7                                 _init_screen8:
   228 000001A7 55                              	PUSH	EBP
   229 000001A8 89 E5                           	MOV	EBP,ESP
   230 000001AA 57                              	PUSH	EDI
   231 000001AB 56                              	PUSH	ESI
   232 000001AC 53                              	PUSH	EBX
   233 000001AD 83 EC 0C                        	SUB	ESP,12
   234 000001B0 8B 45 10                        	MOV	EAX,DWORD [16+EBP]
   235 000001B3 8B 7D 0C                        	MOV	EDI,DWORD [12+EBP]
   236 000001B6 83 E8 1D                        	SUB	EAX,29
   237 000001B9 4F                              	DEC	EDI
   238 000001BA 50                              	PUSH	EAX
   239 000001BB 57                              	PUSH	EDI
   240 000001BC 6A 00                           	PUSH	0
   241 000001BE 6A 00                           	PUSH	0
   242 000001C0 6A 0E                           	PUSH	14
   243 000001C2 FF 75 0C                        	PUSH	DWORD [12+EBP]
   244 000001C5 FF 75 08                        	PUSH	DWORD [8+EBP]
   245 000001C8 E8 FFFFFF89                     	CALL	_boxfill8
   246 000001CD 8B 45 10                        	MOV	EAX,DWORD [16+EBP]
   247 000001D0 83 E8 1C                        	SUB	EAX,28
   248 000001D3 50                              	PUSH	EAX
   249 000001D4 57                              	PUSH	EDI
   250 000001D5 50                              	PUSH	EAX
   251 000001D6 6A 00                           	PUSH	0
   252 000001D8 6A 08                           	PUSH	8
   253 000001DA FF 75 0C                        	PUSH	DWORD [12+EBP]
   254 000001DD FF 75 08                        	PUSH	DWORD [8+EBP]
   255 000001E0 E8 FFFFFF71                     	CALL	_boxfill8
   256 000001E5 8B 45 10                        	MOV	EAX,DWORD [16+EBP]
   257 000001E8 83 C4 38                        	ADD	ESP,56
   258 000001EB 83 E8 1B                        	SUB	EAX,27
   259 000001EE 50                              	PUSH	EAX
   260 000001EF 57                              	PUSH	EDI
   261 000001F0 50                              	PUSH	EAX
   262 000001F1 6A 00                           	PUSH	0
   263 000001F3 6A 07                           	PUSH	7
   264 000001F5 FF 75 0C                        	PUSH	DWORD [12+EBP]
   265 000001F8 FF 75 08                        	PUSH	DWORD [8+EBP]
   266 000001FB E8 FFFFFF56                     	CALL	_boxfill8
   267 00000200 8B 45 10                        	MOV	EAX,DWORD [16+EBP]
   268 00000203 48                              	DEC	EAX
   269 00000204 50                              	PUSH	EAX
   270 00000205 8B 45 10                        	MOV	EAX,DWORD [16+EBP]
   271 00000208 57                              	PUSH	EDI
   272 00000209 83 E8 1A                        	SUB	EAX,26
   273 0000020C 50                              	PUSH	EAX
   274 0000020D 6A 00                           	PUSH	0
   275 0000020F 6A 08                           	PUSH	8
   276 00000211 FF 75 0C                        	PUSH	DWORD [12+EBP]
   277 00000214 FF 75 08                        	PUSH	DWORD [8+EBP]
   278 00000217 E8 FFFFFF3A                     	CALL	_boxfill8
   279 0000021C 8B 75 10                        	MOV	ESI,DWORD [16+EBP]
   280 0000021F 83 C4 38                        	ADD	ESP,56
   281 00000222 83 EE 18                        	SUB	ESI,24
   282 00000225 56                              	PUSH	ESI
   283 00000226 6A 3B                           	PUSH	59
   284 00000228 56                              	PUSH	ESI
   285 00000229 6A 03                           	PUSH	3
   286 0000022B 6A 07                           	PUSH	7
   287 0000022D FF 75 0C                        	PUSH	DWORD [12+EBP]
   288 00000230 FF 75 08                        	PUSH	DWORD [8+EBP]
   289 00000233 E8 FFFFFF1E                     	CALL	_boxfill8
   290 00000238 8B 45 10                        	MOV	EAX,DWORD [16+EBP]
   291 0000023B 83 E8 04                        	SUB	EAX,4
   292 0000023E 50                              	PUSH	EAX
   293 0000023F 89 45 F0                        	MOV	DWORD [-16+EBP],EAX
   294 00000242 6A 02                           	PUSH	2
   295 00000244 56                              	PUSH	ESI
   296 00000245 6A 02                           	PUSH	2
   297 00000247 6A 07                           	PUSH	7
   298 00000249 FF 75 0C                        	PUSH	DWORD [12+EBP]
   299 0000024C FF 75 08                        	PUSH	DWORD [8+EBP]
   300 0000024F E8 FFFFFF02                     	CALL	_boxfill8
   301 00000254 83 C4 38                        	ADD	ESP,56
   302 00000257 FF 75 F0                        	PUSH	DWORD [-16+EBP]
   303 0000025A 6A 3B                           	PUSH	59
   304 0000025C FF 75 F0                        	PUSH	DWORD [-16+EBP]
   305 0000025F 6A 03                           	PUSH	3
   306 00000261 6A 0F                           	PUSH	15
   307 00000263 FF 75 0C                        	PUSH	DWORD [12+EBP]
   308 00000266 FF 75 08                        	PUSH	DWORD [8+EBP]
   309 00000269 E8 FFFFFEE8                     	CALL	_boxfill8
   310 0000026E 8B 45 10                        	MOV	EAX,DWORD [16+EBP]
   311 00000271 83 E8 05                        	SUB	EAX,5
   312 00000274 50                              	PUSH	EAX
   313 00000275 8B 45 10                        	MOV	EAX,DWORD [16+EBP]
   314 00000278 6A 3B                           	PUSH	59
   315 0000027A 83 E8 17                        	SUB	EAX,23
   316 0000027D 50                              	PUSH	EAX
   317 0000027E 89 45 EC                        	MOV	DWORD [-20+EBP],EAX
   318 00000281 6A 3B                           	PUSH	59
   319 00000283 6A 0F                           	PUSH	15
   320 00000285 FF 75 0C                        	PUSH	DWORD [12+EBP]
   321 00000288 FF 75 08                        	PUSH	DWORD [8+EBP]
   322 0000028B E8 FFFFFEC6                     	CALL	_boxfill8
   323 00000290 8B 45 10                        	MOV	EAX,DWORD [16+EBP]
   324 00000293 83 C4 38                        	ADD	ESP,56
   325 00000296 83 E8 03                        	SUB	EAX,3
   326 00000299 89 45 E8                        	MOV	DWORD [-24+EBP],EAX
   327 0000029C 50                              	PUSH	EAX
   328 0000029D 6A 3B                           	PUSH	59
   329 0000029F 50                              	PUSH	EAX
   330 000002A0 6A 02                           	PUSH	2
   331 000002A2 6A 00                           	PUSH	0
   332 000002A4 FF 75 0C                        	PUSH	DWORD [12+EBP]
   333 000002A7 FF 75 08                        	PUSH	DWORD [8+EBP]
   334 000002AA E8 FFFFFEA7                     	CALL	_boxfill8
   335 000002AF FF 75 E8                        	PUSH	DWORD [-24+EBP]
   336 000002B2 6A 3C                           	PUSH	60
   337 000002B4 56                              	PUSH	ESI
   338 000002B5 6A 3C                           	PUSH	60
   339 000002B7 6A 00                           	PUSH	0
   340 000002B9 FF 75 0C                        	PUSH	DWORD [12+EBP]
   341 000002BC FF 75 08                        	PUSH	DWORD [8+EBP]
   342 000002BF E8 FFFFFE92                     	CALL	_boxfill8
   343 000002C4 8B 7D 0C                        	MOV	EDI,DWORD [12+EBP]
   344 000002C7 83 C4 38                        	ADD	ESP,56
   345 000002CA 8B 5D 0C                        	MOV	EBX,DWORD [12+EBP]
   346 000002CD 83 EB 04                        	SUB	EBX,4
   347 000002D0 83 EF 2F                        	SUB	EDI,47
   348 000002D3 56                              	PUSH	ESI
   349 000002D4 53                              	PUSH	EBX
   350 000002D5 56                              	PUSH	ESI
   351 000002D6 57                              	PUSH	EDI
   352 000002D7 6A 0F                           	PUSH	15
   353 000002D9 FF 75 0C                        	PUSH	DWORD [12+EBP]
   354 000002DC FF 75 08                        	PUSH	DWORD [8+EBP]
   355 000002DF E8 FFFFFE72                     	CALL	_boxfill8
   356 000002E4 FF 75 F0                        	PUSH	DWORD [-16+EBP]
   357 000002E7 57                              	PUSH	EDI
   358 000002E8 FF 75 EC                        	PUSH	DWORD [-20+EBP]
   359 000002EB 57                              	PUSH	EDI
   360 000002EC 6A 0F                           	PUSH	15
   361 000002EE FF 75 0C                        	PUSH	DWORD [12+EBP]
   362 000002F1 FF 75 08                        	PUSH	DWORD [8+EBP]
   363 000002F4 E8 FFFFFE5D                     	CALL	_boxfill8
   364 000002F9 83 C4 38                        	ADD	ESP,56
   365 000002FC FF 75 E8                        	PUSH	DWORD [-24+EBP]
   366 000002FF 53                              	PUSH	EBX
   367 00000300 FF 75 E8                        	PUSH	DWORD [-24+EBP]
   368 00000303 57                              	PUSH	EDI
   369 00000304 6A 07                           	PUSH	7
   370 00000306 FF 75 0C                        	PUSH	DWORD [12+EBP]
   371 00000309 FF 75 08                        	PUSH	DWORD [8+EBP]
   372 0000030C E8 FFFFFE45                     	CALL	_boxfill8
   373 00000311 8B 45 0C                        	MOV	EAX,DWORD [12+EBP]
   374 00000314 FF 75 E8                        	PUSH	DWORD [-24+EBP]
   375 00000317 83 E8 03                        	SUB	EAX,3
   376 0000031A 50                              	PUSH	EAX
   377 0000031B 56                              	PUSH	ESI
   378 0000031C 50                              	PUSH	EAX
   379 0000031D 6A 07                           	PUSH	7
   380 0000031F FF 75 0C                        	PUSH	DWORD [12+EBP]
   381 00000322 FF 75 08                        	PUSH	DWORD [8+EBP]
   382 00000325 E8 FFFFFE2C                     	CALL	_boxfill8
   383 0000032A 8D 65 F4                        	LEA	ESP,DWORD [-12+EBP]
   384 0000032D 5B                              	POP	EBX
   385 0000032E 5E                              	POP	ESI
   386 0000032F 5F                              	POP	EDI
   387 00000330 5D                              	POP	EBP
   388 00000331 C3                              	RET
   389 00000332                                 	GLOBAL	_putfont8
   390 00000332                                 _putfont8:
   391 00000332 55                              	PUSH	EBP
   392 00000333 89 E5                           	MOV	EBP,ESP
   393 00000335 57                              	PUSH	EDI
   394 00000336 56                              	PUSH	ESI
   395 00000337 31 F6                           	XOR	ESI,ESI
   396 00000339 53                              	PUSH	EBX
   397 0000033A 8B 7D 1C                        	MOV	EDI,DWORD [28+EBP]
   398 0000033D 8A 5D 18                        	MOV	BL,BYTE [24+EBP]
   399 00000340                                 L60:
   400 00000340 8B 45 14                        	MOV	EAX,DWORD [20+EBP]
   401 00000343 8B 55 10                        	MOV	EDX,DWORD [16+EBP]
   402 00000346 01 F0                           	ADD	EAX,ESI
   403 00000348 0F AF 45 0C                     	IMUL	EAX,DWORD [12+EBP]
   404 0000034C 03 45 08                        	ADD	EAX,DWORD [8+EBP]
   405 0000034F 8D 0C 02                        	LEA	ECX,DWORD [EDX+EAX*1]
   406 00000352 8A 14 3E                        	MOV	DL,BYTE [ESI+EDI*1]
   407 00000355 84 D2                           	TEST	DL,DL
   408 00000357 79 02                           	JNS	L52
   409 00000359 88 19                           	MOV	BYTE [ECX],BL
   410 0000035B                                 L52:
   411 0000035B 88 D0                           	MOV	AL,DL
   412 0000035D 83 E0 40                        	AND	EAX,64
   413 00000360 84 C0                           	TEST	AL,AL
   414 00000362 74 03                           	JE	L53
   415 00000364 88 59 01                        	MOV	BYTE [1+ECX],BL
   416 00000367                                 L53:
   417 00000367 88 D0                           	MOV	AL,DL
   418 00000369 83 E0 20                        	AND	EAX,32
   419 0000036C 84 C0                           	TEST	AL,AL
   420 0000036E 74 03                           	JE	L54
   421 00000370 88 59 02                        	MOV	BYTE [2+ECX],BL
   422 00000373                                 L54:
   423 00000373 88 D0                           	MOV	AL,DL
   424 00000375 83 E0 10                        	AND	EAX,16
   425 00000378 84 C0                           	TEST	AL,AL
   426 0000037A 74 03                           	JE	L55
   427 0000037C 88 59 03                        	MOV	BYTE [3+ECX],BL
   428 0000037F                                 L55:
   429 0000037F 88 D0                           	MOV	AL,DL
   430 00000381 83 E0 08                        	AND	EAX,8
   431 00000384 84 C0                           	TEST	AL,AL
   432 00000386 74 03                           	JE	L56
   433 00000388 88 59 04                        	MOV	BYTE [4+ECX],BL
   434 0000038B                                 L56:
   435 0000038B 88 D0                           	MOV	AL,DL
   436 0000038D 83 E0 04                        	AND	EAX,4
   437 00000390 84 C0                           	TEST	AL,AL
   438 00000392 74 03                           	JE	L57
   439 00000394 88 59 05                        	MOV	BYTE [5+ECX],BL
   440 00000397                                 L57:
   441 00000397 88 D0                           	MOV	AL,DL
   442 00000399 83 E0 02                        	AND	EAX,2
   443 0000039C 84 C0                           	TEST	AL,AL
   444 0000039E 74 03                           	JE	L58
   445 000003A0 88 59 06                        	MOV	BYTE [6+ECX],BL
   446 000003A3                                 L58:
   447 000003A3 83 E2 01                        	AND	EDX,1
   448 000003A6 84 D2                           	TEST	DL,DL
   449 000003A8 74 03                           	JE	L50
   450 000003AA 88 59 07                        	MOV	BYTE [7+ECX],BL
   451 000003AD                                 L50:
   452 000003AD 46                              	INC	ESI
   453 000003AE 83 FE 0F                        	CMP	ESI,15
   454 000003B1 7E 8D                           	JLE	L60
   455 000003B3 5B                              	POP	EBX
   456 000003B4 5E                              	POP	ESI
   457 000003B5 5F                              	POP	EDI
   458 000003B6 5D                              	POP	EBP
   459 000003B7 C3                              	RET
   460 000003B8                                 	GLOBAL	_putfonts8_asc
   461 000003B8                                 _putfonts8_asc:
   462 000003B8 55                              	PUSH	EBP
   463 000003B9 89 E5                           	MOV	EBP,ESP
   464 000003BB 57                              	PUSH	EDI
   465 000003BC 56                              	PUSH	ESI
   466 000003BD 53                              	PUSH	EBX
   467 000003BE 83 EC 0C                        	SUB	ESP,12
   468 000003C1 8A 45 18                        	MOV	AL,BYTE [24+EBP]
   469 000003C4 8B 7D 1C                        	MOV	EDI,DWORD [28+EBP]
   470 000003C7 88 45 F3                        	MOV	BYTE [-13+EBP],AL
   471 000003CA E8 [00000000]                   	CALL	_task_now
   472 000003CF 8B 15 00000FE8                  	MOV	EDX,DWORD [4072]
   473 000003D5 89 45 EC                        	MOV	DWORD [-20+EBP],EAX
   474 000003D8 89 55 E8                        	MOV	DWORD [-24+EBP],EDX
   475 000003DB 80 B8 000000BC 00               	CMP	BYTE [188+EAX],0
   476 000003E2 75 09                           	JNE	L64
   477 000003E4 80 3F 00                        	CMP	BYTE [EDI],0
   478 000003E7 0F 85 000001E2                  	JNE	L69
   479 000003ED                                 L64:
   480 000003ED 8B 45 EC                        	MOV	EAX,DWORD [-20+EBP]
   481 000003F0 80 B8 000000BC 01               	CMP	BYTE [188+EAX],1
   482 000003F7 0F 84 000000CB                  	JE	L100
   483 000003FD                                 L70:
   484 000003FD 8B 45 EC                        	MOV	EAX,DWORD [-20+EBP]
   485 00000400 80 B8 000000BC 02               	CMP	BYTE [188+EAX],2
   486 00000407 74 08                           	JE	L101
   487 00000409                                 L63:
   488 00000409 8D 65 F4                        	LEA	ESP,DWORD [-12+EBP]
   489 0000040C 5B                              	POP	EBX
   490 0000040D 5E                              	POP	ESI
   491 0000040E 5F                              	POP	EDI
   492 0000040F 5D                              	POP	EBP
   493 00000410 C3                              	RET
   494 00000411                                 L101:
   495 00000411 80 3F 00                        	CMP	BYTE [EDI],0
   496 00000414 74 F3                           	JE	L63
   497 00000416                                 L96:
   498 00000416 8B 55 EC                        	MOV	EDX,DWORD [-20+EBP]
   499 00000419 8A 82 000000BD                  	MOV	AL,BYTE [189+EDX]
   500 0000041F 84 C0                           	TEST	AL,AL
   501 00000421 75 43                           	JNE	L92
   502 00000423 8A 17                           	MOV	DL,BYTE [EDI]
   503 00000425 8D 42 7F                        	LEA	EAX,DWORD [127+EDX]
   504 00000428 3C 7D                           	CMP	AL,125
   505 0000042A 77 15                           	JA	L93
   506 0000042C 8B 45 EC                        	MOV	EAX,DWORD [-20+EBP]
   507 0000042F 88 90 000000BD                  	MOV	BYTE [189+EAX],DL
   508 00000435                                 L95:
   509 00000435 83 45 10 08                     	ADD	DWORD [16+EBP],8
   510 00000439 47                              	INC	EDI
   511 0000043A 80 3F 00                        	CMP	BYTE [EDI],0
   512 0000043D 75 D7                           	JNE	L96
   513 0000043F EB C8                           	JMP	L63
   514 00000441                                 L93:
   515 00000441 0F B6 C2                        	MOVZX	EAX,DL
   516 00000444 C1 E0 04                        	SAL	EAX,4
   517 00000447 03 45 E8                        	ADD	EAX,DWORD [-24+EBP]
   518 0000044A 50                              	PUSH	EAX
   519 0000044B 0F BE 45 F3                     	MOVSX	EAX,BYTE [-13+EBP]
   520 0000044F 50                              	PUSH	EAX
   521 00000450 FF 75 14                        	PUSH	DWORD [20+EBP]
   522 00000453 FF 75 10                        	PUSH	DWORD [16+EBP]
   523 00000456 FF 75 0C                        	PUSH	DWORD [12+EBP]
   524 00000459 FF 75 08                        	PUSH	DWORD [8+EBP]
   525 0000045C E8 FFFFFED1                     	CALL	_putfont8
   526 00000461 83 C4 18                        	ADD	ESP,24
   527 00000464 EB CF                           	JMP	L95
   528 00000466                                 L92:
   529 00000466 0F B6 D8                        	MOVZX	EBX,AL
   530 00000469 6B DB 5E                        	IMUL	EBX,EBX,94
   531 0000046C 0F B6 07                        	MOVZX	EAX,BYTE [EDI]
   532 0000046F 8B 55 EC                        	MOV	EDX,DWORD [-20+EBP]
   533 00000472 8D 9C 18 FFFFC441               	LEA	EBX,DWORD [-15295+EAX+EBX*1]
   534 00000479 C6 82 000000BD 00               	MOV	BYTE [189+EDX],0
   535 00000480 C1 E3 05                        	SAL	EBX,5
   536 00000483 03 5D E8                        	ADD	EBX,DWORD [-24+EBP]
   537 00000486 0F BE 75 F3                     	MOVSX	ESI,BYTE [-13+EBP]
   538 0000048A 8D 83 00001000                  	LEA	EAX,DWORD [4096+EBX]
   539 00000490 81 C3 00001010                  	ADD	EBX,4112
   540 00000496 50                              	PUSH	EAX
   541 00000497 8B 45 10                        	MOV	EAX,DWORD [16+EBP]
   542 0000049A 56                              	PUSH	ESI
   543 0000049B 83 E8 08                        	SUB	EAX,8
   544 0000049E FF 75 14                        	PUSH	DWORD [20+EBP]
   545 000004A1 50                              	PUSH	EAX
   546 000004A2 FF 75 0C                        	PUSH	DWORD [12+EBP]
   547 000004A5 FF 75 08                        	PUSH	DWORD [8+EBP]
   548 000004A8 E8 FFFFFE85                     	CALL	_putfont8
   549 000004AD 53                              	PUSH	EBX
   550 000004AE 56                              	PUSH	ESI
   551 000004AF FF 75 14                        	PUSH	DWORD [20+EBP]
   552 000004B2 FF 75 10                        	PUSH	DWORD [16+EBP]
   553 000004B5 FF 75 0C                        	PUSH	DWORD [12+EBP]
   554 000004B8 FF 75 08                        	PUSH	DWORD [8+EBP]
   555 000004BB E8 FFFFFE72                     	CALL	_putfont8
   556 000004C0 83 C4 30                        	ADD	ESP,48
   557 000004C3 E9 FFFFFF6D                     	JMP	L95
   558 000004C8                                 L100:
   559 000004C8 80 3F 00                        	CMP	BYTE [EDI],0
   560 000004CB 0F 84 FFFFFF2C                  	JE	L70
   561 000004D1                                 L86:
   562 000004D1 8B 45 EC                        	MOV	EAX,DWORD [-20+EBP]
   563 000004D4 8A 90 000000BD                  	MOV	DL,BYTE [189+EAX]
   564 000004DA 84 D2                           	TEST	DL,DL
   565 000004DC 75 4D                           	JNE	L75
   566 000004DE 8A 17                           	MOV	DL,BYTE [EDI]
   567 000004E0 8D 42 7F                        	LEA	EAX,DWORD [127+EDX]
   568 000004E3 3C 1E                           	CMP	AL,30
   569 000004E5 76 07                           	JBE	L77
   570 000004E7 8D 42 20                        	LEA	EAX,DWORD [32+EDX]
   571 000004EA 3C 1C                           	CMP	AL,28
   572 000004EC 77 18                           	JA	L76
   573 000004EE                                 L77:
   574 000004EE 8B 45 EC                        	MOV	EAX,DWORD [-20+EBP]
   575 000004F1 88 90 000000BD                  	MOV	BYTE [189+EAX],DL
   576 000004F7                                 L79:
   577 000004F7 83 45 10 08                     	ADD	DWORD [16+EBP],8
   578 000004FB 47                              	INC	EDI
   579 000004FC 80 3F 00                        	CMP	BYTE [EDI],0
   580 000004FF 75 D0                           	JNE	L86
   581 00000501 E9 FFFFFEF7                     	JMP	L70
   582 00000506                                 L76:
   583 00000506 0F B6 C2                        	MOVZX	EAX,DL
   584 00000509 C1 E0 04                        	SAL	EAX,4
   585 0000050C 03 45 E8                        	ADD	EAX,DWORD [-24+EBP]
   586 0000050F 50                              	PUSH	EAX
   587 00000510 0F BE 45 F3                     	MOVSX	EAX,BYTE [-13+EBP]
   588 00000514 50                              	PUSH	EAX
   589 00000515 FF 75 14                        	PUSH	DWORD [20+EBP]
   590 00000518 FF 75 10                        	PUSH	DWORD [16+EBP]
   591 0000051B FF 75 0C                        	PUSH	DWORD [12+EBP]
   592 0000051E FF 75 08                        	PUSH	DWORD [8+EBP]
   593 00000521 E8 FFFFFE0C                     	CALL	_putfont8
   594 00000526 83 C4 18                        	ADD	ESP,24
   595 00000529 EB CC                           	JMP	L79
   596 0000052B                                 L75:
   597 0000052B 8D 42 7F                        	LEA	EAX,DWORD [127+EDX]
   598 0000052E 3C 1E                           	CMP	AL,30
   599 00000530 0F 87 0000008A                  	JA	L80
   600 00000536 0F B6 C2                        	MOVZX	EAX,DL
   601 00000539 8D 8C 00 FFFFFEFE               	LEA	ECX,DWORD [-258+EAX+EAX*1]
   602 00000540                                 L81:
   603 00000540 8A 17                           	MOV	DL,BYTE [EDI]
   604 00000542 8D 42 C0                        	LEA	EAX,DWORD [-64+EDX]
   605 00000545 3C 3E                           	CMP	AL,62
   606 00000547 77 5D                           	JA	L82
   607 00000549 0F B6 C2                        	MOVZX	EAX,DL
   608 0000054C 83 E8 40                        	SUB	EAX,64
   609 0000054F                                 L83:
   610 0000054F 6B D9 5E                        	IMUL	EBX,ECX,94
   611 00000552 8B 55 EC                        	MOV	EDX,DWORD [-20+EBP]
   612 00000555 01 C3                           	ADD	EBX,EAX
   613 00000557 C1 E3 05                        	SAL	EBX,5
   614 0000055A C6 82 000000BD 00               	MOV	BYTE [189+EDX],0
   615 00000561 03 5D E8                        	ADD	EBX,DWORD [-24+EBP]
   616 00000564 0F BE 75 F3                     	MOVSX	ESI,BYTE [-13+EBP]
   617 00000568 8D 83 00001000                  	LEA	EAX,DWORD [4096+EBX]
   618 0000056E 81 C3 00001010                  	ADD	EBX,4112
   619 00000574 50                              	PUSH	EAX
   620 00000575 8B 45 10                        	MOV	EAX,DWORD [16+EBP]
   621 00000578 56                              	PUSH	ESI
   622 00000579 83 E8 08                        	SUB	EAX,8
   623 0000057C FF 75 14                        	PUSH	DWORD [20+EBP]
   624 0000057F 50                              	PUSH	EAX
   625 00000580 FF 75 0C                        	PUSH	DWORD [12+EBP]
   626 00000583 FF 75 08                        	PUSH	DWORD [8+EBP]
   627 00000586 E8 FFFFFDA7                     	CALL	_putfont8
   628 0000058B 53                              	PUSH	EBX
   629 0000058C 56                              	PUSH	ESI
   630 0000058D FF 75 14                        	PUSH	DWORD [20+EBP]
   631 00000590 FF 75 10                        	PUSH	DWORD [16+EBP]
   632 00000593 FF 75 0C                        	PUSH	DWORD [12+EBP]
   633 00000596 FF 75 08                        	PUSH	DWORD [8+EBP]
   634 00000599 E8 FFFFFD94                     	CALL	_putfont8
   635 0000059E 83 C4 30                        	ADD	ESP,48
   636 000005A1 E9 FFFFFF51                     	JMP	L79
   637 000005A6                                 L82:
   638 000005A6 8D 42 80                        	LEA	EAX,DWORD [-128+EDX]
   639 000005A9 3C 1E                           	CMP	AL,30
   640 000005AB 77 08                           	JA	L84
   641 000005AD 0F B6 C2                        	MOVZX	EAX,DL
   642 000005B0 83 E8 41                        	SUB	EAX,65
   643 000005B3 EB 9A                           	JMP	L83
   644 000005B5                                 L84:
   645 000005B5 0F B6 C2                        	MOVZX	EAX,DL
   646 000005B8 2D 0000009F                     	SUB	EAX,159
   647 000005BD 41                              	INC	ECX
   648 000005BE EB 8F                           	JMP	L83
   649 000005C0                                 L80:
   650 000005C0 0F B6 C2                        	MOVZX	EAX,DL
   651 000005C3 8D 8C 00 FFFFFE7E               	LEA	ECX,DWORD [-386+EAX+EAX*1]
   652 000005CA E9 FFFFFF71                     	JMP	L81
   653 000005CF                                 L69:
   654 000005CF 0F B6 07                        	MOVZX	EAX,BYTE [EDI]
   655 000005D2 C1 E0 04                        	SAL	EAX,4
   656 000005D5 47                              	INC	EDI
   657 000005D6 05 [00000000]                   	ADD	EAX,_hankaku
   658 000005DB 50                              	PUSH	EAX
   659 000005DC 0F BE 45 F3                     	MOVSX	EAX,BYTE [-13+EBP]
   660 000005E0 50                              	PUSH	EAX
   661 000005E1 FF 75 14                        	PUSH	DWORD [20+EBP]
   662 000005E4 FF 75 10                        	PUSH	DWORD [16+EBP]
   663 000005E7 FF 75 0C                        	PUSH	DWORD [12+EBP]
   664 000005EA FF 75 08                        	PUSH	DWORD [8+EBP]
   665 000005ED E8 FFFFFD40                     	CALL	_putfont8
   666 000005F2 83 C4 18                        	ADD	ESP,24
   667 000005F5 83 45 10 08                     	ADD	DWORD [16+EBP],8
   668 000005F9 80 3F 00                        	CMP	BYTE [EDI],0
   669 000005FC 75 D1                           	JNE	L69
   670 000005FE E9 FFFFFDEA                     	JMP	L64
   671                                          [SECTION .data]
   672 00000030                                 _cursor.1:
   673 00000030 2A 2A 2A 2A 2A 2A 2A 2A 2A 2A   	DB	"**************.."
       0000003A 2A 2A 2A 2A 2E 2E 
   674 00000040 2A 4F 4F 4F 4F 4F 4F 4F 4F 4F   	DB	"*OOOOOOOOOOO*..."
       0000004A 4F 4F 2A 2E 2E 2E 
   675 00000050 2A 4F 4F 4F 4F 4F 4F 4F 4F 4F   	DB	"*OOOOOOOOOO*...."
       0000005A 4F 2A 2E 2E 2E 2E 
   676 00000060 2A 4F 4F 4F 4F 4F 4F 4F 4F 4F   	DB	"*OOOOOOOOO*....."
       0000006A 2A 2E 2E 2E 2E 2E 
   677 00000070 2A 4F 4F 4F 4F 4F 4F 4F 4F 2A   	DB	"*OOOOOOOO*......"
       0000007A 2E 2E 2E 2E 2E 2E 
   678 00000080 2A 4F 4F 4F 4F 4F 4F 4F 2A 2E   	DB	"*OOOOOOO*......."
       0000008A 2E 2E 2E 2E 2E 2E 
   679 00000090 2A 4F 4F 4F 4F 4F 4F 4F 2A 2E   	DB	"*OOOOOOO*......."
       0000009A 2E 2E 2E 2E 2E 2E 
   680 000000A0 2A 4F 4F 4F 4F 4F 4F 4F 4F 2A   	DB	"*OOOOOOOO*......"
       000000AA 2E 2E 2E 2E 2E 2E 
   681 000000B0 2A 4F 4F 4F 4F 2A 2A 4F 4F 4F   	DB	"*OOOO**OOO*....."
       000000BA 2A 2E 2E 2E 2E 2E 
   682 000000C0 2A 4F 4F 4F 2A 2E 2E 2A 4F 4F   	DB	"*OOO*..*OOO*...."
       000000CA 4F 2A 2E 2E 2E 2E 
   683 000000D0 2A 4F 4F 2A 2E 2E 2E 2E 2A 4F   	DB	"*OO*....*OOO*..."
       000000DA 4F 4F 2A 2E 2E 2E 
   684 000000E0 2A 4F 2A 2E 2E 2E 2E 2E 2E 2A   	DB	"*O*......*OOO*.."
       000000EA 4F 4F 4F 2A 2E 2E 
   685 000000F0 2A 2A 2E 2E 2E 2E 2E 2E 2E 2E   	DB	"**........*OOO*."
       000000FA 2A 4F 4F 4F 2A 2E 
   686 00000100 2A 2E 2E 2E 2E 2E 2E 2E 2E 2E   	DB	"*..........*OOO*"
       0000010A 2E 2A 4F 4F 4F 2A 
   687 00000110 2E 2E 2E 2E 2E 2E 2E 2E 2E 2E   	DB	"............*OO*"
       0000011A 2E 2E 2A 4F 4F 2A 
   688 00000120 2E 2E 2E 2E 2E 2E 2E 2E 2E 2E   	DB	".............***"
       0000012A 2E 2E 2E 2A 2A 2A 
   689                                          [SECTION .text]
   690 00000603                                 	GLOBAL	_init_mouse_cursor8
   691 00000603                                 _init_mouse_cursor8:
   692 00000603 55                              	PUSH	EBP
   693 00000604 89 E5                           	MOV	EBP,ESP
   694 00000606 57                              	PUSH	EDI
   695 00000607 56                              	PUSH	ESI
   696 00000608 31 FF                           	XOR	EDI,EDI
   697 0000060A 53                              	PUSH	EBX
   698 0000060B 31 DB                           	XOR	EBX,EBX
   699 0000060D 50                              	PUSH	EAX
   700 0000060E 8A 45 0C                        	MOV	AL,BYTE [12+EBP]
   701 00000611 8B 75 08                        	MOV	ESI,DWORD [8+EBP]
   702 00000614 88 45 F3                        	MOV	BYTE [-13+EBP],AL
   703 00000617                                 L115:
   704 00000617 31 D2                           	XOR	EDX,EDX
   705 00000619                                 L114:
   706 00000619 8D 04 3A                        	LEA	EAX,DWORD [EDX+EDI*1]
   707 0000061C 80 B8 [00000030] 2A             	CMP	BYTE [_cursor.1+EAX],42
   708 00000623 74 35                           	JE	L120
   709 00000625                                 L111:
   710 00000625 80 B8 [00000030] 4F             	CMP	BYTE [_cursor.1+EAX],79
   711 0000062C 74 26                           	JE	L121
   712 0000062E                                 L112:
   713 0000062E 80 B8 [00000030] 2E             	CMP	BYTE [_cursor.1+EAX],46
   714 00000635 74 15                           	JE	L122
   715 00000637                                 L109:
   716 00000637 42                              	INC	EDX
   717 00000638 83 FA 0F                        	CMP	EDX,15
   718 0000063B 7E DC                           	JLE	L114
   719 0000063D 43                              	INC	EBX
   720 0000063E 83 C7 10                        	ADD	EDI,16
   721 00000641 83 FB 0F                        	CMP	EBX,15
   722 00000644 7E D1                           	JLE	L115
   723 00000646 58                              	POP	EAX
   724 00000647 5B                              	POP	EBX
   725 00000648 5E                              	POP	ESI
   726 00000649 5F                              	POP	EDI
   727 0000064A 5D                              	POP	EBP
   728 0000064B C3                              	RET
   729 0000064C                                 L122:
   730 0000064C 8A 4D F3                        	MOV	CL,BYTE [-13+EBP]
   731 0000064F 88 0C 30                        	MOV	BYTE [EAX+ESI*1],CL
   732 00000652 EB E3                           	JMP	L109
   733 00000654                                 L121:
   734 00000654 C6 04 30 07                     	MOV	BYTE [EAX+ESI*1],7
   735 00000658 EB D4                           	JMP	L112
   736 0000065A                                 L120:
   737 0000065A C6 04 30 00                     	MOV	BYTE [EAX+ESI*1],0
   738 0000065E EB C5                           	JMP	L111
   739 00000660                                 	GLOBAL	_putblock8_8
   740 00000660                                 _putblock8_8:
   741 00000660 55                              	PUSH	EBP
   742 00000661 89 E5                           	MOV	EBP,ESP
   743 00000663 57                              	PUSH	EDI
   744 00000664 56                              	PUSH	ESI
   745 00000665 31 F6                           	XOR	ESI,ESI
   746 00000667 53                              	PUSH	EBX
   747 00000668 83 EC 0C                        	SUB	ESP,12
   748 0000066B 3B 75 14                        	CMP	ESI,DWORD [20+EBP]
   749 0000066E 7D 3E                           	JGE	L135
   750 00000670 31 FF                           	XOR	EDI,EDI
   751 00000672                                 L133:
   752 00000672 31 DB                           	XOR	EBX,EBX
   753 00000674 3B 5D 10                        	CMP	EBX,DWORD [16+EBP]
   754 00000677 7D 2C                           	JGE	L137
   755 00000679 8B 45 20                        	MOV	EAX,DWORD [32+EBP]
   756 0000067C 01 F8                           	ADD	EAX,EDI
   757 0000067E 89 45 EC                        	MOV	DWORD [-20+EBP],EAX
   758 00000681                                 L132:
   759 00000681 8B 45 1C                        	MOV	EAX,DWORD [28+EBP]
   760 00000684 8B 55 18                        	MOV	EDX,DWORD [24+EBP]
   761 00000687 01 F0                           	ADD	EAX,ESI
   762 00000689 01 DA                           	ADD	EDX,EBX
   763 0000068B 0F AF 45 0C                     	IMUL	EAX,DWORD [12+EBP]
   764 0000068F 01 D0                           	ADD	EAX,EDX
   765 00000691 8B 4D 08                        	MOV	ECX,DWORD [8+EBP]
   766 00000694 8B 55 EC                        	MOV	EDX,DWORD [-20+EBP]
   767 00000697 43                              	INC	EBX
   768 00000698 8A 12                           	MOV	DL,BYTE [EDX]
   769 0000069A 88 14 08                        	MOV	BYTE [EAX+ECX*1],DL
   770 0000069D FF 45 EC                        	INC	DWORD [-20+EBP]
   771 000006A0 3B 5D 10                        	CMP	EBX,DWORD [16+EBP]
   772 000006A3 7C DC                           	JL	L132
   773 000006A5                                 L137:
   774 000006A5 46                              	INC	ESI
   775 000006A6 03 7D 24                        	ADD	EDI,DWORD [36+EBP]
   776 000006A9 3B 75 14                        	CMP	ESI,DWORD [20+EBP]
   777 000006AC 7C C4                           	JL	L133
   778 000006AE                                 L135:
   779 000006AE 83 C4 0C                        	ADD	ESP,12
   780 000006B1 5B                              	POP	EBX
   781 000006B2 5E                              	POP	ESI
   782 000006B3 5F                              	POP	EDI
   783 000006B4 5D                              	POP	EBP
   784 000006B5 C3                              	RET
